<?xml version="1.0" encoding="UTF-8"?>
<!-- Generated by org.testng.reporters.JUnitXMLReporter -->
<testsuite ignored="0" hostname="Srinivasulu" failures="0" tests="2" name="Test" time="0.132" errors="0" timestamp="2022-11-04T03:50:51 GMT-07:00">
  <testcase classname="udemySelemium.E2EPractices.FlipkartTest" name="@BeforeTest utilites" time="0.024">
    <failure type="java.lang.NullPointerException" message="Cannot invoke &amp;quot;String.equals(Object)&amp;quot; because &amp;quot;browsername&amp;quot; is null">
      <![CDATA[java.lang.NullPointerException: Cannot invoke "String.equals(Object)" because "browsername" is null
at udemySelemium.E2EPractices.BrowsersSelection.installingBrowserDriver(BrowsersSelection.java:29)
at udemySelemium.E2EPractices.FlipkartTest.utilites(FlipkartTest.java:21)
... Removed 28 stack frames]]>
    </failure>
  </testcase> <!-- @BeforeTest utilites -->
  <testcase classname="udemySelemium.E2EPractices.FlipkartTest" name="@AfterTest close" time="0.0">
    <skipped/>
  </testcase> <!-- @AfterTest close -->
  <testcase classname="udemySelemium.E2EPractices.FlipkartTest" name="testutilites" time="0.001">
    <skipped/>
  </testcase> <!-- testutilites -->
  <testcase classname="udemySelemium.E2EPractices.FlipkartTest" name="testutilites" time="0.0">
    <skipped/>
  </testcase> <!-- testutilites -->
</testsuite> <!-- Test -->
