<?xml version="1.0" encoding="UTF-8"?>
<!-- Generated by org.testng.reporters.JUnitXMLReporter -->
<testsuite ignored="0" hostname="Srinivasulu" failures="0" tests="1" name="Test1" time="0.019" errors="0" timestamp="2022-11-04T03:50:51 GMT-07:00">
  <testcase classname="udemySelemium.E2EPractices.NavbarTest" name="@BeforeTest utilites" time="0.002">
    <failure type="java.lang.NullPointerException" message="Cannot invoke &amp;quot;String.equals(Object)&amp;quot; because &amp;quot;browsername&amp;quot; is null">
      <![CDATA[java.lang.NullPointerException: Cannot invoke "String.equals(Object)" because "browsername" is null
at udemySelemium.E2EPractices.BrowsersSelection.installingBrowserDriver(BrowsersSelection.java:29)
at udemySelemium.E2EPractices.NavbarTest.utilites(NavbarTest.java:37)
... Removed 28 stack frames]]>
    </failure>
  </testcase> <!-- @BeforeTest utilites -->
  <testcase classname="udemySelemium.E2EPractices.NavbarTest" name="@AfterTest close" time="0.0">
    <skipped/>
  </testcase> <!-- @AfterTest close -->
  <testcase classname="udemySelemium.E2EPractices.NavbarTest" name="navthing" time="0.0">
    <skipped/>
  </testcase> <!-- navthing -->
</testsuite> <!-- Test1 -->
