<?xml version="1.0" encoding="UTF-8"?>
<testng-results ignored="0" total="3" passed="2" failed="1" skipped="0">
  <reporter-output>
  </reporter-output>
  <suite started-at="2022-11-03T23:41:56 GMT-07:00" name="Suite" finished-at="2022-11-03T23:44:51 GMT-07:00" duration-ms="175472">
    <groups>
    </groups>
    <test started-at="2022-11-03T23:41:56 GMT-07:00" name="Test1" finished-at="2022-11-03T23:44:29 GMT-07:00" duration-ms="153013">
      <class name="udemySelemium.E2EPractices.NavbarTest">
        <test-method is-config="true" signature="utilites()[pri:0, instance:udemySelemium.E2EPractices.NavbarTest@525575]" started-at="2022-11-03T23:41:56 GMT-07:00" name="utilites" finished-at="2022-11-03T23:44:05 GMT-07:00" duration-ms="129000" status="PASS">
          <reporter-output>
          </reporter-output>
        </test-method> <!-- utilites -->
        <test-method signature="navthing()[pri:0, instance:udemySelemium.E2EPractices.NavbarTest@525575]" started-at="2022-11-03T23:44:05 GMT-07:00" name="navthing" finished-at="2022-11-03T23:44:14 GMT-07:00" duration-ms="9633" status="PASS">
          <reporter-output>
          </reporter-output>
        </test-method> <!-- navthing -->
        <test-method is-config="true" signature="close()[pri:0, instance:udemySelemium.E2EPractices.NavbarTest@525575]" started-at="2022-11-03T23:44:14 GMT-07:00" name="close" finished-at="2022-11-03T23:44:29 GMT-07:00" duration-ms="14295" status="PASS">
          <reporter-output>
          </reporter-output>
        </test-method> <!-- close -->
      </class> <!-- udemySelemium.E2EPractices.NavbarTest -->
    </test> <!-- Test1 -->
    <test started-at="2022-11-03T23:41:56 GMT-07:00" name="Test" finished-at="2022-11-03T23:44:51 GMT-07:00" duration-ms="175472">
      <class name="udemySelemium.E2EPractices.FlipkartTest">
        <test-method is-config="true" signature="utilites()[pri:0, instance:udemySelemium.E2EPractices.FlipkartTest@1b7c473a]" started-at="2022-11-03T23:41:56 GMT-07:00" name="utilites" finished-at="2022-11-03T23:43:41 GMT-07:00" duration-ms="104860" status="PASS">
          <reporter-output>
          </reporter-output>
        </test-method> <!-- utilites -->
        <test-method signature="testutilites(java.lang.String,java.lang.String,java.lang.String)[pri:0, instance:udemySelemium.E2EPractices.FlipkartTest@1b7c473a]" started-at="2022-11-03T23:43:41 GMT-07:00" name="testutilites" data-provider="getData" finished-at="2022-11-03T23:44:26 GMT-07:00" duration-ms="45488" status="PASS">
          <params>
            <param index="0">
              <value>
                <![CDATA[sdgjafsj@hsfdhsh.com]]>
              </value>
            </param>
            <param index="1">
              <value>
                <![CDATA[jdfgcjsdfggfjdsgj]]>
              </value>
            </param>
            <param index="2">
              <value>
                <![CDATA[restricted user]]>
              </value>
            </param>
          </params>
          <reporter-output>
          </reporter-output>
        </test-method> <!-- testutilites -->
        <test-method signature="testutilites(java.lang.String,java.lang.String,java.lang.String)[pri:0, instance:udemySelemium.E2EPractices.FlipkartTest@1b7c473a]" started-at="2022-11-03T23:44:26 GMT-07:00" name="testutilites" data-provider="getData" finished-at="2022-11-03T23:44:49 GMT-07:00" duration-ms="22510" status="FAIL">
          <params>
            <param index="0">
              <value>
                <![CDATA[hsgdfjd@jsgdj.com]]>
              </value>
            </param>
            <param index="1">
              <value>
                <![CDATA[hsdgfjhjdgf]]>
              </value>
            </param>
            <param index="2">
              <value>
                <![CDATA[non rected user]]>
              </value>
            </param>
          </params>
          <exception class="org.openqa.selenium.NoSuchElementException">
            <message>
              <![CDATA[Unable to locate element: //button[text()='NO THANKS']
For documentation on this error, please visit: https://selenium.dev/exceptions/#no_such_element
Build info: version: '4.4.0', revision: 'e5c75ed026a'
System info: host: 'SRINIVASULU', ip: '192.168.174.147', os.name: 'Windows 10', os.arch: 'amd64', os.version: '10.0', java.version: '19'
Driver info: org.openqa.selenium.firefox.FirefoxDriver
Command: [a2a0fe13-9865-4ce9-920d-7e553a208ca4, findElement {using=xpath, value=//button[text()='NO THANKS']}]
Capabilities {acceptInsecureCerts: true, browserName: firefox, browserVersion: 106.0.3, moz:accessibilityChecks: false, moz:buildID: 20221030091646, moz:debuggerAddress: 127.0.0.1:63597, moz:geckodriverVersion: 0.31.0, moz:headless: false, moz:platformVersion: 10.0, moz:processID: 6716, moz:profile: C:\Users\sri\AppData\Local\..., moz:shutdownTimeout: 60000, moz:useNonSpecCompliantPointerOrigin: false, moz:webdriverClick: true, moz:windowless: false, pageLoadStrategy: normal, platformName: WINDOWS, proxy: Proxy(), se:cdp: ws://127.0.0.1:63597/devtoo..., se:cdpVersion: 85.0, setWindowRect: true, strictFileInteractability: false, timeouts: {implicit: 0, pageLoad: 300000, script: 30000}, unhandledPromptBehavior: dismiss and notify}
Session ID: a2a0fe13-9865-4ce9-920d-7e553a208ca4]]>
            </message>
            <full-stacktrace>
              <![CDATA[org.openqa.selenium.NoSuchElementException: Unable to locate element: //button[text()='NO THANKS']
For documentation on this error, please visit: https://selenium.dev/exceptions/#no_such_element
Build info: version: '4.4.0', revision: 'e5c75ed026a'
System info: host: 'SRINIVASULU', ip: '192.168.174.147', os.name: 'Windows 10', os.arch: 'amd64', os.version: '10.0', java.version: '19'
Driver info: org.openqa.selenium.firefox.FirefoxDriver
Command: [a2a0fe13-9865-4ce9-920d-7e553a208ca4, findElement {using=xpath, value=//button[text()='NO THANKS']}]
Capabilities {acceptInsecureCerts: true, browserName: firefox, browserVersion: 106.0.3, moz:accessibilityChecks: false, moz:buildID: 20221030091646, moz:debuggerAddress: 127.0.0.1:63597, moz:geckodriverVersion: 0.31.0, moz:headless: false, moz:platformVersion: 10.0, moz:processID: 6716, moz:profile: C:\Users\sri\AppData\Local\..., moz:shutdownTimeout: 60000, moz:useNonSpecCompliantPointerOrigin: false, moz:webdriverClick: true, moz:windowless: false, pageLoadStrategy: normal, platformName: WINDOWS, proxy: Proxy(), se:cdp: ws://127.0.0.1:63597/devtoo..., se:cdpVersion: 85.0, setWindowRect: true, strictFileInteractability: false, timeouts: {implicit: 0, pageLoad: 300000, script: 30000}, unhandledPromptBehavior: dismiss and notify}
Session ID: a2a0fe13-9865-4ce9-920d-7e553a208ca4
at java.base/jdk.internal.reflect.DirectConstructorHandleAccessor.newInstance(DirectConstructorHandleAccessor.java:67)
at java.base/java.lang.reflect.Constructor.newInstanceWithCaller(Constructor.java:500)
at java.base/java.lang.reflect.Constructor.newInstance(Constructor.java:484)
at org.openqa.selenium.remote.codec.w3c.W3CHttpResponseCodec.createException(W3CHttpResponseCodec.java:200)
at org.openqa.selenium.remote.codec.w3c.W3CHttpResponseCodec.decode(W3CHttpResponseCodec.java:133)
at org.openqa.selenium.remote.codec.w3c.W3CHttpResponseCodec.decode(W3CHttpResponseCodec.java:53)
at org.openqa.selenium.remote.HttpCommandExecutor.execute(HttpCommandExecutor.java:184)
at org.openqa.selenium.remote.service.DriverCommandExecutor.invokeExecute(DriverCommandExecutor.java:167)
at org.openqa.selenium.remote.service.DriverCommandExecutor.execute(DriverCommandExecutor.java:142)
at org.openqa.selenium.remote.RemoteWebDriver.execute(RemoteWebDriver.java:547)
at org.openqa.selenium.remote.ElementLocation$ElementFinder$2.findElement(ElementLocation.java:162)
at org.openqa.selenium.remote.ElementLocation.findElement(ElementLocation.java:60)
at org.openqa.selenium.remote.RemoteWebDriver.findElement(RemoteWebDriver.java:365)
at org.openqa.selenium.remote.RemoteWebDriver.findElement(RemoteWebDriver.java:357)
at pageObjects.LanchPopUp.nothanks(LanchPopUp.java:16)
at udemySelemium.E2EPractices.FlipkartTest.testutilites(FlipkartTest.java:38)
at java.base/jdk.internal.reflect.DirectMethodHandleAccessor.invoke(DirectMethodHandleAccessor.java:104)
at java.base/java.lang.reflect.Method.invoke(Method.java:578)
at org.testng.internal.invokers.MethodInvocationHelper.invokeMethod(MethodInvocationHelper.java:139)
at org.testng.internal.invokers.TestInvoker.invokeMethod(TestInvoker.java:677)
at org.testng.internal.invokers.TestInvoker.invokeTestMethod(TestInvoker.java:221)
at org.testng.internal.invokers.MethodRunner.runInSequence(MethodRunner.java:50)
at org.testng.internal.invokers.TestInvoker$MethodInvocationAgent.invoke(TestInvoker.java:962)
at org.testng.internal.invokers.TestInvoker.invokeTestMethods(TestInvoker.java:194)
at org.testng.internal.invokers.TestMethodWorker.invokeTestMethods(TestMethodWorker.java:148)
at org.testng.internal.invokers.TestMethodWorker.run(TestMethodWorker.java:128)
at java.base/java.util.ArrayList.forEach(ArrayList.java:1511)
at org.testng.TestRunner.privateRun(TestRunner.java:806)
at org.testng.TestRunner.run(TestRunner.java:601)
at org.testng.SuiteRunner.runTest(SuiteRunner.java:433)
at org.testng.SuiteRunner$SuiteWorker.run(SuiteRunner.java:471)
at org.testng.internal.thread.ThreadUtil.lambda$execute$0(ThreadUtil.java:58)
at java.base/java.util.concurrent.FutureTask.run(FutureTask.java:317)
at java.base/java.util.concurrent.ThreadPoolExecutor.runWorker(ThreadPoolExecutor.java:1144)
at java.base/java.util.concurrent.ThreadPoolExecutor$Worker.run(ThreadPoolExecutor.java:642)
at java.base/java.lang.Thread.run(Thread.java:1589)
]]>
            </full-stacktrace>
          </exception> <!-- org.openqa.selenium.NoSuchElementException -->
          <reporter-output>
          </reporter-output>
        </test-method> <!-- testutilites -->
        <test-method is-config="true" signature="close()[pri:0, instance:udemySelemium.E2EPractices.FlipkartTest@1b7c473a]" started-at="2022-11-03T23:44:49 GMT-07:00" name="close" finished-at="2022-11-03T23:44:51 GMT-07:00" duration-ms="1616" status="PASS">
          <reporter-output>
          </reporter-output>
        </test-method> <!-- close -->
      </class> <!-- udemySelemium.E2EPractices.FlipkartTest -->
    </test> <!-- Test -->
  </suite> <!-- Suite -->
</testng-results>
